  [1m[35m (380.1ms)[0m  [1m[35mCREATE DATABASE "music_app_development" ENCODING = 'unicode'[0m
  ↳ bin/rails:9
  [1m[35m (246.0ms)[0m  [1m[35mCREATE DATABASE "music_app_test" ENCODING = 'unicode'[0m
  ↳ bin/rails:9
  [1m[35m (37.8ms)[0m  [1m[35mCREATE TABLE "schema_migrations" ("version" character varying NOT NULL PRIMARY KEY)[0m
  ↳ bin/rails:9
  [1m[35m (35.3ms)[0m  [1m[35mCREATE TABLE "ar_internal_metadata" ("key" character varying NOT NULL PRIMARY KEY, "value" character varying, "created_at" timestamp NOT NULL, "updated_at" timestamp NOT NULL)[0m
  ↳ bin/rails:9
  [1m[35m (0.7ms)[0m  [1m[34mSELECT pg_try_advisory_lock(4505726345591715405)[0m
  ↳ bin/rails:9
  [1m[35m (1.0ms)[0m  [1m[34mSELECT "schema_migrations"."version" FROM "schema_migrations" ORDER BY "schema_migrations"."version" ASC[0m
  ↳ bin/rails:9
Migrating to CreateUsers (20181220152359)
  [1m[35m (0.2ms)[0m  [1m[35mBEGIN[0m
  ↳ bin/rails:9
  [1m[35m (36.0ms)[0m  [1m[35mCREATE TABLE "users" ("id" bigserial primary key, "email" character varying NOT NULL, "session_token" character varying NOT NULL, "password_digest" character varying NOT NULL, "created_at" timestamp NOT NULL, "updated_at" timestamp NOT NULL)[0m
  ↳ db/migrate/20181220152359_create_users.rb:3
  [1m[35m (1.2ms)[0m  [1m[35mCREATE UNIQUE INDEX  "index_users_on_email" ON "users"  ("email")[0m
  ↳ db/migrate/20181220152359_create_users.rb:10
  [1m[35m (1.1ms)[0m  [1m[35mCREATE UNIQUE INDEX  "index_users_on_session_token" ON "users"  ("session_token")[0m
  ↳ db/migrate/20181220152359_create_users.rb:11
  [1m[36mActiveRecord::SchemaMigration Create (0.7ms)[0m  [1m[32mINSERT INTO "schema_migrations" ("version") VALUES ($1) RETURNING "version"[0m  [["version", "20181220152359"]]
  ↳ bin/rails:9
  [1m[35m (0.6ms)[0m  [1m[35mCOMMIT[0m
  ↳ bin/rails:9
  [1m[36mActiveRecord::InternalMetadata Load (0.7ms)[0m  [1m[34mSELECT  "ar_internal_metadata".* FROM "ar_internal_metadata" WHERE "ar_internal_metadata"."key" = $1 LIMIT $2[0m  [["key", "environment"], ["LIMIT", 1]]
  ↳ bin/rails:9
  [1m[35m (0.2ms)[0m  [1m[35mBEGIN[0m
  ↳ bin/rails:9
  [1m[36mActiveRecord::InternalMetadata Create (0.7ms)[0m  [1m[32mINSERT INTO "ar_internal_metadata" ("key", "value", "created_at", "updated_at") VALUES ($1, $2, $3, $4) RETURNING "key"[0m  [["key", "environment"], ["value", "development"], ["created_at", "2018-12-20 15:26:58.595705"], ["updated_at", "2018-12-20 15:26:58.595705"]]
  ↳ bin/rails:9
  [1m[35m (14.9ms)[0m  [1m[35mCOMMIT[0m
  ↳ bin/rails:9
  [1m[35m (0.3ms)[0m  [1m[34mSELECT pg_advisory_unlock(4505726345591715405)[0m
  ↳ bin/rails:9
  [1m[35m (0.3ms)[0m  [1m[34mSELECT "schema_migrations"."version" FROM "schema_migrations" ORDER BY "schema_migrations"."version" ASC[0m
  ↳ bin/rails:9
  [1m[35m (1.0ms)[0m  [1m[34mSELECT "schema_migrations"."version" FROM "schema_migrations" ORDER BY "schema_migrations"."version" ASC[0m
  ↳ /Users/aa/.rbenv/versions/2.5.1/bin/annotate:23
Started GET "/" for 127.0.0.1 at 2018-12-20 11:29:02 -0500
  [1m[35m (1.1ms)[0m  [1m[34mSELECT "schema_migrations"."version" FROM "schema_migrations" ORDER BY "schema_migrations"."version" ASC[0m
  ↳ /Users/aa/.rbenv/versions/2.5.1/lib/ruby/gems/2.5.0/gems/activerecord-5.2.2/lib/active_record/log_subscriber.rb:98
Processing by Rails::WelcomeController#index as HTML
  Rendering /Users/aa/.rbenv/versions/2.5.1/lib/ruby/gems/2.5.0/gems/railties-5.2.2/lib/rails/templates/rails/welcome/index.html.erb
  Rendered /Users/aa/.rbenv/versions/2.5.1/lib/ruby/gems/2.5.0/gems/railties-5.2.2/lib/rails/templates/rails/welcome/index.html.erb (4.7ms)
Completed 200 OK in 62ms (Views: 49.9ms | ActiveRecord: 0.0ms)


Started GET "/music_app" for 127.0.0.1 at 2018-12-20 11:29:07 -0500
  
ActionController::RoutingError (No route matches [GET] "/music_app"):
  
actionpack (5.2.2) lib/action_dispatch/middleware/debug_exceptions.rb:65:in `call'
web-console (3.7.0) lib/web_console/middleware.rb:135:in `call_app'
web-console (3.7.0) lib/web_console/middleware.rb:30:in `block in call'
web-console (3.7.0) lib/web_console/middleware.rb:20:in `catch'
web-console (3.7.0) lib/web_console/middleware.rb:20:in `call'
actionpack (5.2.2) lib/action_dispatch/middleware/show_exceptions.rb:33:in `call'
railties (5.2.2) lib/rails/rack/logger.rb:38:in `call_app'
railties (5.2.2) lib/rails/rack/logger.rb:26:in `block in call'
activesupport (5.2.2) lib/active_support/tagged_logging.rb:71:in `block in tagged'
activesupport (5.2.2) lib/active_support/tagged_logging.rb:28:in `tagged'
activesupport (5.2.2) lib/active_support/tagged_logging.rb:71:in `tagged'
railties (5.2.2) lib/rails/rack/logger.rb:26:in `call'
sprockets-rails (3.2.1) lib/sprockets/rails/quiet_assets.rb:13:in `call'
actionpack (5.2.2) lib/action_dispatch/middleware/remote_ip.rb:81:in `call'
actionpack (5.2.2) lib/action_dispatch/middleware/request_id.rb:27:in `call'
rack (2.0.6) lib/rack/method_override.rb:22:in `call'
rack (2.0.6) lib/rack/runtime.rb:22:in `call'
activesupport (5.2.2) lib/active_support/cache/strategy/local_cache_middleware.rb:29:in `call'
actionpack (5.2.2) lib/action_dispatch/middleware/executor.rb:14:in `call'
actionpack (5.2.2) lib/action_dispatch/middleware/static.rb:127:in `call'
rack (2.0.6) lib/rack/sendfile.rb:111:in `call'
railties (5.2.2) lib/rails/engine.rb:524:in `call'
puma (3.12.0) lib/puma/configuration.rb:225:in `call'
puma (3.12.0) lib/puma/server.rb:658:in `handle_request'
puma (3.12.0) lib/puma/server.rb:472:in `process_client'
puma (3.12.0) lib/puma/server.rb:332:in `block in run'
puma (3.12.0) lib/puma/thread_pool.rb:133:in `block in spawn_thread'
Started GET "/index" for 127.0.0.1 at 2018-12-20 11:29:21 -0500
  
ActionController::RoutingError (No route matches [GET] "/index"):
  
actionpack (5.2.2) lib/action_dispatch/middleware/debug_exceptions.rb:65:in `call'
web-console (3.7.0) lib/web_console/middleware.rb:135:in `call_app'
web-console (3.7.0) lib/web_console/middleware.rb:30:in `block in call'
web-console (3.7.0) lib/web_console/middleware.rb:20:in `catch'
web-console (3.7.0) lib/web_console/middleware.rb:20:in `call'
actionpack (5.2.2) lib/action_dispatch/middleware/show_exceptions.rb:33:in `call'
railties (5.2.2) lib/rails/rack/logger.rb:38:in `call_app'
railties (5.2.2) lib/rails/rack/logger.rb:26:in `block in call'
activesupport (5.2.2) lib/active_support/tagged_logging.rb:71:in `block in tagged'
activesupport (5.2.2) lib/active_support/tagged_logging.rb:28:in `tagged'
activesupport (5.2.2) lib/active_support/tagged_logging.rb:71:in `tagged'
railties (5.2.2) lib/rails/rack/logger.rb:26:in `call'
sprockets-rails (3.2.1) lib/sprockets/rails/quiet_assets.rb:13:in `call'
actionpack (5.2.2) lib/action_dispatch/middleware/remote_ip.rb:81:in `call'
actionpack (5.2.2) lib/action_dispatch/middleware/request_id.rb:27:in `call'
rack (2.0.6) lib/rack/method_override.rb:22:in `call'
rack (2.0.6) lib/rack/runtime.rb:22:in `call'
activesupport (5.2.2) lib/active_support/cache/strategy/local_cache_middleware.rb:29:in `call'
actionpack (5.2.2) lib/action_dispatch/middleware/executor.rb:14:in `call'
actionpack (5.2.2) lib/action_dispatch/middleware/static.rb:127:in `call'
rack (2.0.6) lib/rack/sendfile.rb:111:in `call'
railties (5.2.2) lib/rails/engine.rb:524:in `call'
puma (3.12.0) lib/puma/configuration.rb:225:in `call'
puma (3.12.0) lib/puma/server.rb:658:in `handle_request'
puma (3.12.0) lib/puma/server.rb:472:in `process_client'
puma (3.12.0) lib/puma/server.rb:332:in `block in run'
puma (3.12.0) lib/puma/thread_pool.rb:133:in `block in spawn_thread'
Started GET "/new_user" for 127.0.0.1 at 2018-12-20 11:29:31 -0500
  
ActionController::RoutingError (No route matches [GET] "/new_user"):
  
actionpack (5.2.2) lib/action_dispatch/middleware/debug_exceptions.rb:65:in `call'
web-console (3.7.0) lib/web_console/middleware.rb:135:in `call_app'
web-console (3.7.0) lib/web_console/middleware.rb:30:in `block in call'
web-console (3.7.0) lib/web_console/middleware.rb:20:in `catch'
web-console (3.7.0) lib/web_console/middleware.rb:20:in `call'
actionpack (5.2.2) lib/action_dispatch/middleware/show_exceptions.rb:33:in `call'
railties (5.2.2) lib/rails/rack/logger.rb:38:in `call_app'
railties (5.2.2) lib/rails/rack/logger.rb:26:in `block in call'
activesupport (5.2.2) lib/active_support/tagged_logging.rb:71:in `block in tagged'
activesupport (5.2.2) lib/active_support/tagged_logging.rb:28:in `tagged'
activesupport (5.2.2) lib/active_support/tagged_logging.rb:71:in `tagged'
railties (5.2.2) lib/rails/rack/logger.rb:26:in `call'
sprockets-rails (3.2.1) lib/sprockets/rails/quiet_assets.rb:13:in `call'
actionpack (5.2.2) lib/action_dispatch/middleware/remote_ip.rb:81:in `call'
actionpack (5.2.2) lib/action_dispatch/middleware/request_id.rb:27:in `call'
rack (2.0.6) lib/rack/method_override.rb:22:in `call'
rack (2.0.6) lib/rack/runtime.rb:22:in `call'
activesupport (5.2.2) lib/active_support/cache/strategy/local_cache_middleware.rb:29:in `call'
actionpack (5.2.2) lib/action_dispatch/middleware/executor.rb:14:in `call'
actionpack (5.2.2) lib/action_dispatch/middleware/static.rb:127:in `call'
rack (2.0.6) lib/rack/sendfile.rb:111:in `call'
railties (5.2.2) lib/rails/engine.rb:524:in `call'
puma (3.12.0) lib/puma/configuration.rb:225:in `call'
puma (3.12.0) lib/puma/server.rb:658:in `handle_request'
puma (3.12.0) lib/puma/server.rb:472:in `process_client'
puma (3.12.0) lib/puma/server.rb:332:in `block in run'
puma (3.12.0) lib/puma/thread_pool.rb:133:in `block in spawn_thread'
Started GET "/" for 127.0.0.1 at 2018-12-20 11:29:35 -0500
Processing by Rails::WelcomeController#index as HTML
  Rendering /Users/aa/.rbenv/versions/2.5.1/lib/ruby/gems/2.5.0/gems/railties-5.2.2/lib/rails/templates/rails/welcome/index.html.erb
  Rendered /Users/aa/.rbenv/versions/2.5.1/lib/ruby/gems/2.5.0/gems/railties-5.2.2/lib/rails/templates/rails/welcome/index.html.erb (4.2ms)
Completed 200 OK in 12ms (Views: 7.9ms | ActiveRecord: 0.0ms)


Started GET "/new" for 127.0.0.1 at 2018-12-20 11:30:00 -0500
  
ActionController::RoutingError (No route matches [GET] "/new"):
  
actionpack (5.2.2) lib/action_dispatch/middleware/debug_exceptions.rb:65:in `call'
web-console (3.7.0) lib/web_console/middleware.rb:135:in `call_app'
web-console (3.7.0) lib/web_console/middleware.rb:30:in `block in call'
web-console (3.7.0) lib/web_console/middleware.rb:20:in `catch'
web-console (3.7.0) lib/web_console/middleware.rb:20:in `call'
actionpack (5.2.2) lib/action_dispatch/middleware/show_exceptions.rb:33:in `call'
railties (5.2.2) lib/rails/rack/logger.rb:38:in `call_app'
railties (5.2.2) lib/rails/rack/logger.rb:26:in `block in call'
activesupport (5.2.2) lib/active_support/tagged_logging.rb:71:in `block in tagged'
activesupport (5.2.2) lib/active_support/tagged_logging.rb:28:in `tagged'
activesupport (5.2.2) lib/active_support/tagged_logging.rb:71:in `tagged'
railties (5.2.2) lib/rails/rack/logger.rb:26:in `call'
sprockets-rails (3.2.1) lib/sprockets/rails/quiet_assets.rb:13:in `call'
actionpack (5.2.2) lib/action_dispatch/middleware/remote_ip.rb:81:in `call'
actionpack (5.2.2) lib/action_dispatch/middleware/request_id.rb:27:in `call'
rack (2.0.6) lib/rack/method_override.rb:22:in `call'
rack (2.0.6) lib/rack/runtime.rb:22:in `call'
activesupport (5.2.2) lib/active_support/cache/strategy/local_cache_middleware.rb:29:in `call'
actionpack (5.2.2) lib/action_dispatch/middleware/executor.rb:14:in `call'
actionpack (5.2.2) lib/action_dispatch/middleware/static.rb:127:in `call'
rack (2.0.6) lib/rack/sendfile.rb:111:in `call'
railties (5.2.2) lib/rails/engine.rb:524:in `call'
puma (3.12.0) lib/puma/configuration.rb:225:in `call'
puma (3.12.0) lib/puma/server.rb:658:in `handle_request'
puma (3.12.0) lib/puma/server.rb:472:in `process_client'
puma (3.12.0) lib/puma/server.rb:332:in `block in run'
puma (3.12.0) lib/puma/thread_pool.rb:133:in `block in spawn_thread'
Started GET "/users" for 127.0.0.1 at 2018-12-20 11:30:12 -0500
  
ActionController::RoutingError (No route matches [GET] "/users"):
  
actionpack (5.2.2) lib/action_dispatch/middleware/debug_exceptions.rb:65:in `call'
web-console (3.7.0) lib/web_console/middleware.rb:135:in `call_app'
web-console (3.7.0) lib/web_console/middleware.rb:30:in `block in call'
web-console (3.7.0) lib/web_console/middleware.rb:20:in `catch'
web-console (3.7.0) lib/web_console/middleware.rb:20:in `call'
actionpack (5.2.2) lib/action_dispatch/middleware/show_exceptions.rb:33:in `call'
railties (5.2.2) lib/rails/rack/logger.rb:38:in `call_app'
railties (5.2.2) lib/rails/rack/logger.rb:26:in `block in call'
activesupport (5.2.2) lib/active_support/tagged_logging.rb:71:in `block in tagged'
activesupport (5.2.2) lib/active_support/tagged_logging.rb:28:in `tagged'
activesupport (5.2.2) lib/active_support/tagged_logging.rb:71:in `tagged'
railties (5.2.2) lib/rails/rack/logger.rb:26:in `call'
sprockets-rails (3.2.1) lib/sprockets/rails/quiet_assets.rb:13:in `call'
actionpack (5.2.2) lib/action_dispatch/middleware/remote_ip.rb:81:in `call'
actionpack (5.2.2) lib/action_dispatch/middleware/request_id.rb:27:in `call'
rack (2.0.6) lib/rack/method_override.rb:22:in `call'
rack (2.0.6) lib/rack/runtime.rb:22:in `call'
activesupport (5.2.2) lib/active_support/cache/strategy/local_cache_middleware.rb:29:in `call'
actionpack (5.2.2) lib/action_dispatch/middleware/executor.rb:14:in `call'
actionpack (5.2.2) lib/action_dispatch/middleware/static.rb:127:in `call'
rack (2.0.6) lib/rack/sendfile.rb:111:in `call'
railties (5.2.2) lib/rails/engine.rb:524:in `call'
puma (3.12.0) lib/puma/configuration.rb:225:in `call'
puma (3.12.0) lib/puma/server.rb:658:in `handle_request'
puma (3.12.0) lib/puma/server.rb:472:in `process_client'
puma (3.12.0) lib/puma/server.rb:332:in `block in run'
puma (3.12.0) lib/puma/thread_pool.rb:133:in `block in spawn_thread'
Started GET "/user" for 127.0.0.1 at 2018-12-20 11:30:15 -0500
  
ActionController::RoutingError (No route matches [GET] "/user"):
  
actionpack (5.2.2) lib/action_dispatch/middleware/debug_exceptions.rb:65:in `call'
web-console (3.7.0) lib/web_console/middleware.rb:135:in `call_app'
web-console (3.7.0) lib/web_console/middleware.rb:30:in `block in call'
web-console (3.7.0) lib/web_console/middleware.rb:20:in `catch'
web-console (3.7.0) lib/web_console/middleware.rb:20:in `call'
actionpack (5.2.2) lib/action_dispatch/middleware/show_exceptions.rb:33:in `call'
railties (5.2.2) lib/rails/rack/logger.rb:38:in `call_app'
railties (5.2.2) lib/rails/rack/logger.rb:26:in `block in call'
activesupport (5.2.2) lib/active_support/tagged_logging.rb:71:in `block in tagged'
activesupport (5.2.2) lib/active_support/tagged_logging.rb:28:in `tagged'
activesupport (5.2.2) lib/active_support/tagged_logging.rb:71:in `tagged'
railties (5.2.2) lib/rails/rack/logger.rb:26:in `call'
sprockets-rails (3.2.1) lib/sprockets/rails/quiet_assets.rb:13:in `call'
actionpack (5.2.2) lib/action_dispatch/middleware/remote_ip.rb:81:in `call'
actionpack (5.2.2) lib/action_dispatch/middleware/request_id.rb:27:in `call'
rack (2.0.6) lib/rack/method_override.rb:22:in `call'
rack (2.0.6) lib/rack/runtime.rb:22:in `call'
activesupport (5.2.2) lib/active_support/cache/strategy/local_cache_middleware.rb:29:in `call'
actionpack (5.2.2) lib/action_dispatch/middleware/executor.rb:14:in `call'
actionpack (5.2.2) lib/action_dispatch/middleware/static.rb:127:in `call'
rack (2.0.6) lib/rack/sendfile.rb:111:in `call'
railties (5.2.2) lib/rails/engine.rb:524:in `call'
puma (3.12.0) lib/puma/configuration.rb:225:in `call'
puma (3.12.0) lib/puma/server.rb:658:in `handle_request'
puma (3.12.0) lib/puma/server.rb:472:in `process_client'
puma (3.12.0) lib/puma/server.rb:332:in `block in run'
puma (3.12.0) lib/puma/thread_pool.rb:133:in `block in spawn_thread'
Started GET "/users_path" for 127.0.0.1 at 2018-12-20 11:30:21 -0500
  
ActionController::RoutingError (No route matches [GET] "/users_path"):
  
actionpack (5.2.2) lib/action_dispatch/middleware/debug_exceptions.rb:65:in `call'
web-console (3.7.0) lib/web_console/middleware.rb:135:in `call_app'
web-console (3.7.0) lib/web_console/middleware.rb:30:in `block in call'
web-console (3.7.0) lib/web_console/middleware.rb:20:in `catch'
web-console (3.7.0) lib/web_console/middleware.rb:20:in `call'
actionpack (5.2.2) lib/action_dispatch/middleware/show_exceptions.rb:33:in `call'
railties (5.2.2) lib/rails/rack/logger.rb:38:in `call_app'
railties (5.2.2) lib/rails/rack/logger.rb:26:in `block in call'
activesupport (5.2.2) lib/active_support/tagged_logging.rb:71:in `block in tagged'
activesupport (5.2.2) lib/active_support/tagged_logging.rb:28:in `tagged'
activesupport (5.2.2) lib/active_support/tagged_logging.rb:71:in `tagged'
railties (5.2.2) lib/rails/rack/logger.rb:26:in `call'
sprockets-rails (3.2.1) lib/sprockets/rails/quiet_assets.rb:13:in `call'
actionpack (5.2.2) lib/action_dispatch/middleware/remote_ip.rb:81:in `call'
actionpack (5.2.2) lib/action_dispatch/middleware/request_id.rb:27:in `call'
rack (2.0.6) lib/rack/method_override.rb:22:in `call'
rack (2.0.6) lib/rack/runtime.rb:22:in `call'
activesupport (5.2.2) lib/active_support/cache/strategy/local_cache_middleware.rb:29:in `call'
actionpack (5.2.2) lib/action_dispatch/middleware/executor.rb:14:in `call'
actionpack (5.2.2) lib/action_dispatch/middleware/static.rb:127:in `call'
rack (2.0.6) lib/rack/sendfile.rb:111:in `call'
railties (5.2.2) lib/rails/engine.rb:524:in `call'
puma (3.12.0) lib/puma/configuration.rb:225:in `call'
puma (3.12.0) lib/puma/server.rb:658:in `handle_request'
puma (3.12.0) lib/puma/server.rb:472:in `process_client'
puma (3.12.0) lib/puma/server.rb:332:in `block in run'
puma (3.12.0) lib/puma/thread_pool.rb:133:in `block in spawn_thread'
Started GET "/users/new" for 127.0.0.1 at 2018-12-20 11:30:31 -0500
Processing by UsersController#new as HTML
Completed 500 Internal Server Error in 4ms (ActiveRecord: 0.0ms)



NameError - uninitialized constant UsersController::User:
  app/controllers/users_controller.rb:3:in `new'

Started POST "/__better_errors/307f30d0b890f914/variables" for 127.0.0.1 at 2018-12-20 11:30:31 -0500
Started GET "/" for 127.0.0.1 at 2018-12-20 11:34:12 -0500
Processing by Rails::WelcomeController#index as HTML
  Rendering /Users/aa/.rbenv/versions/2.5.1/lib/ruby/gems/2.5.0/gems/railties-5.2.2/lib/rails/templates/rails/welcome/index.html.erb
  Rendered /Users/aa/.rbenv/versions/2.5.1/lib/ruby/gems/2.5.0/gems/railties-5.2.2/lib/rails/templates/rails/welcome/index.html.erb (3.1ms)
Completed 200 OK in 10ms (Views: 6.0ms | ActiveRecord: 0.0ms)


Started GET "/" for 127.0.0.1 at 2018-12-20 11:45:48 -0500
Processing by Rails::WelcomeController#index as HTML
  Rendering /Users/aa/.rbenv/versions/2.5.1/lib/ruby/gems/2.5.0/gems/railties-5.2.2/lib/rails/templates/rails/welcome/index.html.erb
  Rendered /Users/aa/.rbenv/versions/2.5.1/lib/ruby/gems/2.5.0/gems/railties-5.2.2/lib/rails/templates/rails/welcome/index.html.erb (3.0ms)
Completed 200 OK in 8ms (Views: 5.5ms | ActiveRecord: 0.0ms)


Started GET "/users/new" for 127.0.0.1 at 2018-12-20 11:45:56 -0500
Processing by UsersController#new as HTML
Completed 500 Internal Server Error in 4ms (ActiveRecord: 0.0ms)



NameError - uninitialized constant UsersController::User:
  app/controllers/users_controller.rb:3:in `new'

Started POST "/__better_errors/d9c1fdba1958d12b/variables" for 127.0.0.1 at 2018-12-20 11:45:56 -0500
Started GET "/users/new" for 127.0.0.1 at 2018-12-20 11:46:38 -0500
Processing by UsersController#new as HTML
  Rendering users/new.html.erb within layouts/application
  Rendered users/new.html.erb within layouts/application (1.0ms)
Completed 200 OK in 512ms (Views: 450.9ms | ActiveRecord: 13.6ms)


Started GET "/users/new" for 127.0.0.1 at 2018-12-20 11:48:05 -0500
Processing by UsersController#new as HTML
  Rendering users/new.html.erb within layouts/application
  Rendered users/new.html.erb within layouts/application (0.7ms)
Completed 200 OK in 16ms (Views: 14.8ms | ActiveRecord: 0.0ms)


Started GET "/users/new" for 127.0.0.1 at 2018-12-20 11:49:10 -0500
Processing by UsersController#new as HTML
  Rendering users/new.html.erb within layouts/application
  Rendered users/new.html.erb within layouts/application (0.6ms)
Completed 200 OK in 11ms (Views: 10.0ms | ActiveRecord: 0.0ms)


Started GET "/users/new" for 127.0.0.1 at 2018-12-20 11:50:24 -0500
Processing by UsersController#new as HTML
  Rendering users/new.html.erb within layouts/application
  Rendered users/new.html.erb within layouts/application (0.7ms)
Completed 200 OK in 14ms (Views: 13.4ms | ActiveRecord: 0.0ms)


Started GET "/users/new" for 127.0.0.1 at 2018-12-20 11:51:00 -0500
Processing by UsersController#new as HTML
  Rendering users/new.html.erb within layouts/application
  Rendered users/new.html.erb within layouts/application (0.8ms)
Completed 200 OK in 14ms (Views: 13.5ms | ActiveRecord: 0.0ms)


Started GET "/users/new" for 127.0.0.1 at 2018-12-20 11:52:21 -0500
Processing by UsersController#new as HTML
  Rendering users/new.html.erb within layouts/application
  Rendered users/new.html.erb within layouts/application (1.3ms)
Completed 200 OK in 66ms (Views: 65.3ms | ActiveRecord: 0.0ms)


Started GET "/users/new" for 127.0.0.1 at 2018-12-20 11:52:52 -0500
Processing by UsersController#new as HTML
  Rendering users/new.html.erb within layouts/application
  Rendered users/new.html.erb within layouts/application (0.6ms)
Completed 200 OK in 13ms (Views: 12.4ms | ActiveRecord: 0.0ms)


Started GET "/users/new" for 127.0.0.1 at 2018-12-20 11:53:01 -0500
Processing by UsersController#new as HTML
  Rendering users/new.html.erb within layouts/application
  Rendered users/new.html.erb within layouts/application (0.9ms)
Completed 200 OK in 15ms (Views: 14.2ms | ActiveRecord: 0.0ms)


Started GET "/users/new" for 127.0.0.1 at 2018-12-20 11:53:27 -0500
Processing by UsersController#new as HTML
  Rendering users/new.html.erb within layouts/application
  Rendered users/new.html.erb within layouts/application (0.7ms)
Completed 200 OK in 15ms (Views: 14.2ms | ActiveRecord: 0.0ms)


Started GET "/users/new" for 127.0.0.1 at 2018-12-20 11:53:55 -0500
Processing by UsersController#new as HTML
  Rendering users/new.html.erb within layouts/application
  Rendered users/new.html.erb within layouts/application (0.7ms)
Completed 200 OK in 13ms (Views: 11.9ms | ActiveRecord: 0.0ms)


Started GET "/users/new" for 127.0.0.1 at 2018-12-20 11:54:04 -0500
Processing by UsersController#new as HTML
  Rendering users/new.html.erb within layouts/application
  Rendered users/new.html.erb within layouts/application (0.7ms)
Completed 200 OK in 14ms (Views: 13.5ms | ActiveRecord: 0.0ms)


Started GET "/users/new" for 127.0.0.1 at 2018-12-20 11:55:37 -0500
Processing by UsersController#new as HTML
  Rendering users/new.html.erb within layouts/application
  Rendered users/new.html.erb within layouts/application (0.8ms)
Completed 200 OK in 102ms (Views: 55.5ms | ActiveRecord: 8.0ms)


Started POST "/users" for 127.0.0.1 at 2018-12-20 11:55:45 -0500
Processing by UsersController#create as HTML
  Parameters: {"user"=>{"email"=>"starwars"}}
Can't verify CSRF token authenticity.
Completed 422 Unprocessable Entity in 1ms (ActiveRecord: 0.0ms)



ActionController::InvalidAuthenticityToken - ActionController::InvalidAuthenticityToken:

Started POST "/__better_errors/e245e8424a18312a/variables" for 127.0.0.1 at 2018-12-20 11:55:45 -0500
Started POST "/users" for 127.0.0.1 at 2018-12-20 11:56:59 -0500
Processing by UsersController#create as HTML
  Parameters: {"user"=>{"email"=>"starwars"}}
Can't verify CSRF token authenticity.
Completed 422 Unprocessable Entity in 1ms (ActiveRecord: 0.0ms)



ActionController::InvalidAuthenticityToken - ActionController::InvalidAuthenticityToken:

Started POST "/__better_errors/5c00b94cda628ae4/variables" for 127.0.0.1 at 2018-12-20 11:56:59 -0500
Started GET "/users/new" for 127.0.0.1 at 2018-12-20 11:57:07 -0500
Processing by UsersController#new as HTML
  Rendering users/new.html.erb within layouts/application
  Rendered users/new.html.erb within layouts/application (335.0ms)
Completed 500 Internal Server Error in 396ms (ActiveRecord: 0.0ms)



NameError - undefined local variable or method `token' for #<#<Class:0x00007fdd88cbff58>:0x00007fdd843e36e0>
Did you mean?  token_tag:
  app/views/users/new.html.erb:3:in `_app_views_users_new_html_erb___4601071638387451591_70294691582460'
  app/controllers/users_controller.rb:4:in `new'

Started POST "/__better_errors/1c9b4879a7661bdf/variables" for 127.0.0.1 at 2018-12-20 11:57:08 -0500
Started GET "/users/new" for 127.0.0.1 at 2018-12-20 11:57:14 -0500
Processing by UsersController#new as HTML
  Rendering users/new.html.erb within layouts/application
  Rendered users/new.html.erb within layouts/application (483.8ms)
Completed 500 Internal Server Error in 492ms (ActiveRecord: 0.0ms)



NameError - undefined local variable or method `token' for #<#<Class:0x00007fdd88cbff58>:0x00007fdd894cf130>
Did you mean?  token_tag:
  app/views/users/new.html.erb:3:in `_app_views_users_new_html_erb___4601071638387451591_70294734008100'
  app/controllers/users_controller.rb:4:in `new'

Started POST "/__better_errors/6b98e6830afe7b3a/variables" for 127.0.0.1 at 2018-12-20 11:57:15 -0500
Started GET "/users/new" for 127.0.0.1 at 2018-12-20 11:57:54 -0500
Processing by UsersController#new as HTML
  Rendering users/new.html.erb within layouts/application
  Rendered users/new.html.erb within layouts/application (0.8ms)
Completed 200 OK in 44ms (Views: 43.1ms | ActiveRecord: 0.0ms)


Started GET "/users/new" for 127.0.0.1 at 2018-12-20 11:57:56 -0500
Processing by UsersController#new as HTML
  Rendering users/new.html.erb within layouts/application
  Rendered users/new.html.erb within layouts/application (0.7ms)
Completed 200 OK in 12ms (Views: 11.0ms | ActiveRecord: 0.0ms)


Started POST "/users" for 127.0.0.1 at 2018-12-20 11:58:04 -0500
Processing by UsersController#create as HTML
  Parameters: {"authenticity_token"=>"xXIWhz+E7WkHWvt4zkcpekK6dX6n7VQdJCIiiwAYqcxdqWUw8ofusf85sPVvV+/yNMPJjcgyjN29In+GszvylQ==", "user"=>{"email"=>"starwars"}}
Completed 400 Bad Request in 1ms (ActiveRecord: 0.0ms)



ActionController::ParameterMissing - param is missing or the value is empty: users:
  app/controllers/users_controller.rb:20:in `user_params'
  app/controllers/users_controller.rb:8:in `create'

Started POST "/__better_errors/ec46275313675c02/variables" for 127.0.0.1 at 2018-12-20 11:58:04 -0500
Started POST "/users" for 127.0.0.1 at 2018-12-20 11:58:25 -0500
Processing by UsersController#create as HTML
  Parameters: {"authenticity_token"=>"xXIWhz+E7WkHWvt4zkcpekK6dX6n7VQdJCIiiwAYqcxdqWUw8ofusf85sPVvV+/yNMPJjcgyjN29In+GszvylQ==", "user"=>{"email"=>"starwars"}}
  [1m[35m (0.3ms)[0m  [1m[35mBEGIN[0m
  ↳ app/controllers/users_controller.rb:9
  [1m[35m (0.3ms)[0m  [1m[31mROLLBACK[0m
  ↳ app/controllers/users_controller.rb:9
Completed 422 Unprocessable Entity in 162ms (ActiveRecord: 8.7ms)



ActiveRecord::RecordInvalid - Validation failed: Password digest can't be blank:
  app/controllers/users_controller.rb:9:in `create'

Started POST "/__better_errors/ded436c909008d55/variables" for 127.0.0.1 at 2018-12-20 11:58:25 -0500
  [1m[36mUser Load (1.7ms)[0m  [1m[34mSELECT "users".* FROM "users"[0m
Started POST "/users" for 127.0.0.1 at 2018-12-20 12:03:05 -0500
Processing by UsersController#create as HTML
  Parameters: {"authenticity_token"=>"xXIWhz+E7WkHWvt4zkcpekK6dX6n7VQdJCIiiwAYqcxdqWUw8ofusf85sPVvV+/yNMPJjcgyjN29In+GszvylQ==", "user"=>{"email"=>"starwars"}}
  [1m[35m (0.2ms)[0m  [1m[35mBEGIN[0m
  ↳ app/controllers/users_controller.rb:9
  [1m[35m (0.2ms)[0m  [1m[31mROLLBACK[0m
  ↳ app/controllers/users_controller.rb:9
Completed 422 Unprocessable Entity in 27ms (ActiveRecord: 8.0ms)



ActiveRecord::RecordInvalid - Validation failed: Password digest can't be blank:
  app/controllers/users_controller.rb:9:in `create'

Started POST "/__better_errors/325ba764c77699eb/variables" for 127.0.0.1 at 2018-12-20 12:03:05 -0500
Started POST "/__better_errors/325ba764c77699eb/variables" for 127.0.0.1 at 2018-12-20 12:06:42 -0500
Started POST "/users" for 127.0.0.1 at 2018-12-20 12:07:27 -0500
Processing by UsersController#create as HTML
  Parameters: {"authenticity_token"=>"xXIWhz+E7WkHWvt4zkcpekK6dX6n7VQdJCIiiwAYqcxdqWUw8ofusf85sPVvV+/yNMPJjcgyjN29In+GszvylQ==", "user"=>{"email"=>"starwars"}}
  [1m[35m (0.7ms)[0m  [1m[35mBEGIN[0m
  ↳ app/controllers/users_controller.rb:9
  [1m[35m (0.2ms)[0m  [1m[31mROLLBACK[0m
  ↳ app/controllers/users_controller.rb:9
Completed 422 Unprocessable Entity in 53ms (ActiveRecord: 8.7ms)



ActiveRecord::RecordInvalid - Validation failed: Password digest can't be blank:
  app/controllers/users_controller.rb:9:in `create'

Started POST "/__better_errors/f69ab88085b74cd0/variables" for 127.0.0.1 at 2018-12-20 12:07:27 -0500
Started POST "/users" for 127.0.0.1 at 2018-12-20 12:07:33 -0500
Processing by UsersController#create as HTML
  Parameters: {"authenticity_token"=>"xXIWhz+E7WkHWvt4zkcpekK6dX6n7VQdJCIiiwAYqcxdqWUw8ofusf85sPVvV+/yNMPJjcgyjN29In+GszvylQ==", "user"=>{"email"=>"starwars"}}
  [1m[35m (0.2ms)[0m  [1m[35mBEGIN[0m
  ↳ app/controllers/users_controller.rb:9
  [1m[35m (0.2ms)[0m  [1m[31mROLLBACK[0m
  ↳ app/controllers/users_controller.rb:9
Completed 422 Unprocessable Entity in 4ms (ActiveRecord: 0.4ms)



ActiveRecord::RecordInvalid - Validation failed: Password digest can't be blank:
  app/controllers/users_controller.rb:9:in `create'

Started POST "/__better_errors/0d44b074f71cb28d/variables" for 127.0.0.1 at 2018-12-20 12:07:33 -0500
Started GET "/users/new" for 127.0.0.1 at 2018-12-20 12:08:02 -0500
Processing by UsersController#new as HTML
  Rendering users/new.html.erb within layouts/application
  Rendered users/new.html.erb within layouts/application (0.8ms)
Completed 200 OK in 81ms (Views: 65.7ms | ActiveRecord: 6.7ms)


Started POST "/users" for 127.0.0.1 at 2018-12-20 12:08:11 -0500
Processing by UsersController#create as HTML
  Parameters: {"authenticity_token"=>"O3oQVRagK8MJVlOx0OD77W2QQBP9JNFp7UbQvrydIiSjoWPi26MoG/E1GDxx8D1lG+n84JL7Cal0Ro2zD755fQ==", "user"=>{"email"=>"starwars"}}
  [1m[35m (1.5ms)[0m  [1m[35mBEGIN[0m
  ↳ app/controllers/users_controller.rb:10
Started GET "/users/new" for 127.0.0.1 at 2018-12-20 12:09:52 -0500
  [1m[35m (0.7ms)[0m  [1m[31mROLLBACK[0m
  ↳ app/controllers/users_controller.rb:10
Completed 422 Unprocessable Entity in 101036ms (ActiveRecord: 2.2ms)



ActiveRecord::RecordInvalid - Validation failed: Password digest can't be blank:
  app/controllers/users_controller.rb:10:in `create'

Processing by UsersController#new as HTML
  Rendering users/new.html.erb within layouts/application
  Rendered users/new.html.erb within layouts/application (0.9ms)
Completed 200 OK in 8ms (Views: 7.4ms | ActiveRecord: 0.0ms)


Started GET "/users/new" for 127.0.0.1 at 2018-12-20 12:10:08 -0500
Processing by UsersController#new as HTML
  Rendering users/new.html.erb within layouts/application
  Rendered users/new.html.erb within layouts/application (0.6ms)
Completed 200 OK in 33ms (Views: 8.8ms | ActiveRecord: 11.3ms)


Started POST "/users" for 127.0.0.1 at 2018-12-20 12:10:15 -0500
Processing by UsersController#create as HTML
  Parameters: {"authenticity_token"=>"pmsak3tNZk1B4b/spzIMbCSkzdTlyKLzEoK728g/wQY+sGkktk5llbmC9GEGIsrkUt1xJ4oXejOLgubWexyaXw==", "user"=>{"email"=>"jtdespinosa@gmail.com", "password"=>"[FILTERED]"}}
Completed 500 Internal Server Error in 5ms (ActiveRecord: 0.0ms)



NameError - uninitialized constant User::BCrypt:
  app/models/user.rb:18:in `password='
  app/controllers/users_controller.rb:8:in `create'

Started POST "/__better_errors/255c0c75f9f425b8/variables" for 127.0.0.1 at 2018-12-20 12:10:15 -0500
Started GET "/users/new" for 127.0.0.1 at 2018-12-20 12:11:04 -0500
  [1m[35m (1.6ms)[0m  [1m[34mSELECT "schema_migrations"."version" FROM "schema_migrations" ORDER BY "schema_migrations"."version" ASC[0m
  ↳ /Users/aa/.rbenv/versions/2.5.1/lib/ruby/gems/2.5.0/gems/activerecord-5.2.2/lib/active_record/log_subscriber.rb:98
Processing by UsersController#new as HTML
  Rendering users/new.html.erb within layouts/application
  Rendered users/new.html.erb within layouts/application (1.6ms)
Completed 200 OK in 291ms (Views: 264.2ms | ActiveRecord: 7.5ms)


Started POST "/users" for 127.0.0.1 at 2018-12-20 12:11:10 -0500
Processing by UsersController#create as HTML
  Parameters: {"authenticity_token"=>"6mCAnUJQlAPzEGxOxe2hY4QjM97TwaXd7HPk0HBxM6lyu/Mqj1OX2wtzJ8Nk/Wfr8lqPLbwefR11c7ndw1Jo8A==", "user"=>{"email"=>"jtdespinosa@gmail.com", "password"=>"[FILTERED]"}}
  [1m[35m (0.2ms)[0m  [1m[35mBEGIN[0m
  ↳ app/controllers/users_controller.rb:9
  [1m[36mUser Create (1.8ms)[0m  [1m[32mINSERT INTO "users" ("email", "session_token", "password_digest", "created_at", "updated_at") VALUES ($1, $2, $3, $4, $5) RETURNING "id"[0m  [["email", "jtdespinosa@gmail.com"], ["session_token", "xwtfzHrFj9OetKOcM-ySdg"], ["password_digest", "$2a$10$8Q4EQBE7UFr5YXo4eb4mK.Sb7QSqZwvUkI0mHUWawvK78nU9R2LEO"], ["created_at", "2018-12-20 17:11:10.975348"], ["updated_at", "2018-12-20 17:11:10.975348"]]
  ↳ app/controllers/users_controller.rb:9
  [1m[35m (31.4ms)[0m  [1m[35mCOMMIT[0m
  ↳ app/controllers/users_controller.rb:9
  [1m[35m (0.8ms)[0m  [1m[35mBEGIN[0m
  ↳ app/models/user.rb:26
  [1m[36mUser Update (0.8ms)[0m  [1m[33mUPDATE "users" SET "session_token" = $1, "updated_at" = $2 WHERE "users"."id" = $3[0m  [["session_token", "X2tME55VM-M6j3JMT6rapg"], ["updated_at", "2018-12-20 17:11:11.012944"], ["id", 1]]
  ↳ app/models/user.rb:26
  [1m[35m (15.7ms)[0m  [1m[35mCOMMIT[0m
  ↳ app/models/user.rb:26
  [1m[35m (0.3ms)[0m  [1m[35mBEGIN[0m
  ↳ app/controllers/application_controller.rb:23
  [1m[35m (0.3ms)[0m  [1m[35mCOMMIT[0m
  ↳ app/controllers/application_controller.rb:23
  [1m[36mUser Load (0.5ms)[0m  [1m[34mSELECT  "users".* FROM "users" WHERE "users"."session_token" = $1 LIMIT $2[0m  [["session_token", "X2tME55VM-M6j3JMT6rapg"], ["LIMIT", 1]]
  ↳ app/controllers/application_controller.rb:14
Completed 500 Internal Server Error in 178ms (ActiveRecord: 52.0ms)



ActionController::UrlGenerationError - No route matches {:action=>"show", :controller=>"users"}, missing required keys: [:id]:
  app/controllers/users_controller.rb:11:in `create'

Started POST "/__better_errors/66695e9e0e35422c/variables" for 127.0.0.1 at 2018-12-20 12:11:11 -0500
Started POST "/users" for 127.0.0.1 at 2018-12-20 12:11:53 -0500
Processing by UsersController#create as HTML
  Parameters: {"authenticity_token"=>"6mCAnUJQlAPzEGxOxe2hY4QjM97TwaXd7HPk0HBxM6lyu/Mqj1OX2wtzJ8Nk/Wfr8lqPLbwefR11c7ndw1Jo8A==", "user"=>{"email"=>"s.d.caplan@gmail.com", "password"=>"[FILTERED]"}}
  [1m[35m (0.2ms)[0m  [1m[35mBEGIN[0m
  ↳ app/controllers/users_controller.rb:9
  [1m[36mUser Create (0.5ms)[0m  [1m[32mINSERT INTO "users" ("email", "session_token", "password_digest", "created_at", "updated_at") VALUES ($1, $2, $3, $4, $5) RETURNING "id"[0m  [["email", "s.d.caplan@gmail.com"], ["session_token", "ub9s57DhmLikDv4Ryj9XHA"], ["password_digest", "$2a$10$2sDbjYeR9gR3PE34CuTGBeklE8VgSyZNHWJYyhi0PaZiUsM6OyS7i"], ["created_at", "2018-12-20 17:11:53.789414"], ["updated_at", "2018-12-20 17:11:53.789414"]]
  ↳ app/controllers/users_controller.rb:9
  [1m[35m (0.5ms)[0m  [1m[35mCOMMIT[0m
  ↳ app/controllers/users_controller.rb:9
  [1m[35m (0.2ms)[0m  [1m[35mBEGIN[0m
  ↳ app/models/user.rb:26
  [1m[36mUser Update (0.5ms)[0m  [1m[33mUPDATE "users" SET "session_token" = $1, "updated_at" = $2 WHERE "users"."id" = $3[0m  [["session_token", "cgmKDQcA5nHCoJdDs_wypA"], ["updated_at", "2018-12-20 17:11:53.793551"], ["id", 2]]
  ↳ app/models/user.rb:26
  [1m[35m (0.5ms)[0m  [1m[35mCOMMIT[0m
  ↳ app/models/user.rb:26
  [1m[35m (0.1ms)[0m  [1m[35mBEGIN[0m
  ↳ app/controllers/application_controller.rb:23
  [1m[35m (0.1ms)[0m  [1m[35mCOMMIT[0m
  ↳ app/controllers/application_controller.rb:23
  [1m[36mUser Load (0.5ms)[0m  [1m[34mSELECT  "users".* FROM "users" WHERE "users"."session_token" = $1 LIMIT $2[0m  [["session_token", "cgmKDQcA5nHCoJdDs_wypA"], ["LIMIT", 1]]
  ↳ app/controllers/application_controller.rb:14
Redirected to http://localhost:3000/users/2
Completed 302 Found in 104ms (ActiveRecord: 10.8ms)


Started GET "/users/2" for 127.0.0.1 at 2018-12-20 12:11:53 -0500
Processing by UsersController#show as HTML
  Parameters: {"id"=>"2"}
  Rendering users/show.html.erb within layouts/application
  Rendered users/show.html.erb within layouts/application (258.6ms)
Completed 500 Internal Server Error in 266ms (ActiveRecord: 0.0ms)



NoMethodError - undefined method `email' for #<#<Class:0x00007fe35a6b27f0>:0x00007fe35a7285b8>:
  app/views/users/show.html.erb:1:in `_app_views_users_show_html_erb__4124676148309702301_70307225667420'

Started POST "/__better_errors/c659499f81e6134a/variables" for 127.0.0.1 at 2018-12-20 12:11:54 -0500
Started GET "/users/2" for 127.0.0.1 at 2018-12-20 12:14:49 -0500
Processing by UsersController#show as HTML
  Parameters: {"id"=>"2"}
  [1m[36mUser Load (0.4ms)[0m  [1m[34mSELECT  "users".* FROM "users" WHERE "users"."id" = $1 LIMIT $2[0m  [["id", 2], ["LIMIT", 1]]
  ↳ app/controllers/users_controller.rb:19
  Rendering users/show.html.erb within layouts/application
  Rendered users/show.html.erb within layouts/application (0.6ms)
  [1m[36mUser Load (0.5ms)[0m  [1m[34mSELECT  "users".* FROM "users" WHERE "users"."session_token" = $1 LIMIT $2[0m  [["session_token", "cgmKDQcA5nHCoJdDs_wypA"], ["LIMIT", 1]]
  ↳ app/controllers/application_controller.rb:14
Completed 200 OK in 48ms (Views: 24.5ms | ActiveRecord: 8.5ms)


Started DELETE "/session" for 127.0.0.1 at 2018-12-20 12:29:21 -0500
Processing by SessionsController#destroy as HTML
  Parameters: {"authenticity_token"=>"WuHUgw9ocDc+Xbfa4Z+5OSA+VWapMATij8nf/iQE+tTCOqc0wmtz78Y+/FdAj3+xVkfplcbv3CIWyYLzlyehjQ=="}
Completed 500 Internal Server Error in 234ms (ActiveRecord: 0.0ms)



NoMethodError - undefined method `logout!' for #<SessionsController:0x00007fe35a7c0750>:
  app/controllers/sessions_controller.rb:21:in `destroy'

Started POST "/__better_errors/c0cfdda1c4c11452/variables" for 127.0.0.1 at 2018-12-20 12:29:22 -0500
Started POST "/users" for 127.0.0.1 at 2018-12-20 12:29:32 -0500
Processing by UsersController#create as HTML
  Parameters: {"authenticity_token"=>"6mCAnUJQlAPzEGxOxe2hY4QjM97TwaXd7HPk0HBxM6lyu/Mqj1OX2wtzJ8Nk/Wfr8lqPLbwefR11c7ndw1Jo8A==", "user"=>{"email"=>"s.d.caplan@gmail.com", "password"=>"[FILTERED]"}}
  [1m[35m (0.2ms)[0m  [1m[35mBEGIN[0m
  ↳ app/controllers/users_controller.rb:9
  [1m[36mUser Create (21.6ms)[0m  [1m[32mINSERT INTO "users" ("email", "session_token", "password_digest", "created_at", "updated_at") VALUES ($1, $2, $3, $4, $5) RETURNING "id"[0m  [["email", "s.d.caplan@gmail.com"], ["session_token", "5IqoJb4xej41uJwp2sFNmA"], ["password_digest", "$2a$10$/wC2AEMTnVOAFZkbxkKLH.oigcBcAsz4ag609oE0w9WOPIskimNAS"], ["created_at", "2018-12-20 17:29:32.427167"], ["updated_at", "2018-12-20 17:29:32.427167"]]
  ↳ app/controllers/users_controller.rb:9
  [1m[35m (0.2ms)[0m  [1m[31mROLLBACK[0m
  ↳ app/controllers/users_controller.rb:9
Completed 500 Internal Server Error in 103ms (ActiveRecord: 22.1ms)



PG::UniqueViolation - ERROR:  duplicate key value violates unique constraint "index_users_on_email"
DETAIL:  Key (email)=(s.d.caplan@gmail.com) already exists.
:
  app/controllers/users_controller.rb:9:in `create'

Started POST "/__better_errors/703b975b5ab82b5a/variables" for 127.0.0.1 at 2018-12-20 12:29:32 -0500
Started GET "/" for 127.0.0.1 at 2018-12-20 13:04:59 -0500
  [1m[35m (1.8ms)[0m  [1m[34mSELECT "schema_migrations"."version" FROM "schema_migrations" ORDER BY "schema_migrations"."version" ASC[0m
  ↳ /Users/aa/.rbenv/versions/2.5.1/lib/ruby/gems/2.5.0/gems/activerecord-5.2.2/lib/active_record/log_subscriber.rb:98
Processing by Rails::WelcomeController#index as HTML
  Rendering /Users/aa/.rbenv/versions/2.5.1/lib/ruby/gems/2.5.0/gems/railties-5.2.2/lib/rails/templates/rails/welcome/index.html.erb
  Rendered /Users/aa/.rbenv/versions/2.5.1/lib/ruby/gems/2.5.0/gems/railties-5.2.2/lib/rails/templates/rails/welcome/index.html.erb (4.1ms)
Completed 200 OK in 52ms (Views: 9.7ms | ActiveRecord: 0.0ms)


Started GET "/users/new" for 127.0.0.1 at 2018-12-20 13:05:05 -0500
Processing by UsersController#new as HTML
  Rendering users/new.html.erb within layouts/application
  Rendered users/new.html.erb within layouts/application (1.5ms)
  [1m[36mUser Load (1.2ms)[0m  [1m[34mSELECT  "users".* FROM "users" WHERE "users"."session_token" = $1 LIMIT $2[0m  [["session_token", "cgmKDQcA5nHCoJdDs_wypA"], ["LIMIT", 1]]
  ↳ app/controllers/application_controller.rb:14
Completed 200 OK in 402ms (Views: 332.1ms | ActiveRecord: 30.3ms)


Started GET "/users/new" for 127.0.0.1 at 2018-12-20 13:05:41 -0500
Processing by UsersController#new as HTML
  Rendering users/new.html.erb within layouts/application
  Rendered users/new.html.erb within layouts/application (0.9ms)
  [1m[36mUser Load (0.5ms)[0m  [1m[34mSELECT  "users".* FROM "users" WHERE "users"."session_token" = $1 LIMIT $2[0m  [["session_token", "cgmKDQcA5nHCoJdDs_wypA"], ["LIMIT", 1]]
  ↳ app/controllers/application_controller.rb:14
Completed 200 OK in 17ms (Views: 15.4ms | ActiveRecord: 0.5ms)


Started GET "/users/new" for 127.0.0.1 at 2018-12-20 13:06:10 -0500
Processing by UsersController#new as HTML
  Rendering users/new.html.erb within layouts/application
  Rendered users/new.html.erb within layouts/application (0.7ms)
  [1m[36mUser Load (0.5ms)[0m  [1m[34mSELECT  "users".* FROM "users" WHERE "users"."session_token" = $1 LIMIT $2[0m  [["session_token", "cgmKDQcA5nHCoJdDs_wypA"], ["LIMIT", 1]]
  ↳ app/controllers/application_controller.rb:14
Completed 200 OK in 15ms (Views: 13.9ms | ActiveRecord: 0.5ms)


Started GET "/users/new" for 127.0.0.1 at 2018-12-20 13:07:00 -0500
Processing by UsersController#new as HTML
  Rendering users/new.html.erb within layouts/application
  Rendered users/new.html.erb within layouts/application (0.9ms)
  [1m[36mUser Load (0.6ms)[0m  [1m[34mSELECT  "users".* FROM "users" WHERE "users"."session_token" = $1 LIMIT $2[0m  [["session_token", "cgmKDQcA5nHCoJdDs_wypA"], ["LIMIT", 1]]
  ↳ app/controllers/application_controller.rb:14
Completed 200 OK in 12ms (Views: 10.5ms | ActiveRecord: 0.6ms)


Started GET "/users/new" for 127.0.0.1 at 2018-12-20 13:07:39 -0500
Processing by UsersController#new as HTML
  Rendering users/new.html.erb within layouts/application
  Rendered users/new.html.erb within layouts/application (0.6ms)
  [1m[36mUser Load (0.5ms)[0m  [1m[34mSELECT  "users".* FROM "users" WHERE "users"."session_token" = $1 LIMIT $2[0m  [["session_token", "cgmKDQcA5nHCoJdDs_wypA"], ["LIMIT", 1]]
  ↳ app/controllers/application_controller.rb:14
Completed 200 OK in 14ms (Views: 13.3ms | ActiveRecord: 0.5ms)


Started GET "/users/new" for 127.0.0.1 at 2018-12-20 13:08:55 -0500
Processing by UsersController#new as HTML
  Rendering users/new.html.erb within layouts/application
  Rendered users/new.html.erb within layouts/application (0.7ms)
  [1m[36mUser Load (0.5ms)[0m  [1m[34mSELECT  "users".* FROM "users" WHERE "users"."session_token" = $1 LIMIT $2[0m  [["session_token", "cgmKDQcA5nHCoJdDs_wypA"], ["LIMIT", 1]]
  ↳ app/controllers/application_controller.rb:14
Completed 200 OK in 16ms (Views: 15.1ms | ActiveRecord: 0.5ms)


Started GET "/users/new" for 127.0.0.1 at 2018-12-20 13:10:54 -0500
Processing by UsersController#new as HTML
  Rendering users/new.html.erb within layouts/application
  Rendered users/new.html.erb within layouts/application (0.6ms)
  [1m[36mUser Load (0.4ms)[0m  [1m[34mSELECT  "users".* FROM "users" WHERE "users"."session_token" = $1 LIMIT $2[0m  [["session_token", "cgmKDQcA5nHCoJdDs_wypA"], ["LIMIT", 1]]
  ↳ app/controllers/application_controller.rb:14
Completed 200 OK in 71ms (Views: 69.9ms | ActiveRecord: 0.4ms)


Started GET "/users/new" for 127.0.0.1 at 2018-12-20 13:11:06 -0500
Processing by UsersController#new as HTML
  Rendering users/new.html.erb within layouts/application
  Rendered users/new.html.erb within layouts/application (1.1ms)
  [1m[36mUser Load (0.4ms)[0m  [1m[34mSELECT  "users".* FROM "users" WHERE "users"."session_token" = $1 LIMIT $2[0m  [["session_token", "cgmKDQcA5nHCoJdDs_wypA"], ["LIMIT", 1]]
  ↳ app/controllers/application_controller.rb:14
Completed 200 OK in 16ms (Views: 14.5ms | ActiveRecord: 0.4ms)


Started GET "/users/new" for 127.0.0.1 at 2018-12-20 13:11:28 -0500
Processing by UsersController#new as HTML
  Rendering users/new.html.erb within layouts/application
  Rendered users/new.html.erb within layouts/application (0.9ms)
  [1m[36mUser Load (0.3ms)[0m  [1m[34mSELECT  "users".* FROM "users" WHERE "users"."session_token" = $1 LIMIT $2[0m  [["session_token", "cgmKDQcA5nHCoJdDs_wypA"], ["LIMIT", 1]]
  ↳ app/controllers/application_controller.rb:14
Completed 200 OK in 15ms (Views: 13.7ms | ActiveRecord: 0.3ms)


Started GET "/users/new" for 127.0.0.1 at 2018-12-20 13:11:53 -0500
Processing by UsersController#new as HTML
  Rendering users/new.html.erb within layouts/application
  Rendered users/new.html.erb within layouts/application (0.7ms)
  [1m[36mUser Load (0.4ms)[0m  [1m[34mSELECT  "users".* FROM "users" WHERE "users"."session_token" = $1 LIMIT $2[0m  [["session_token", "cgmKDQcA5nHCoJdDs_wypA"], ["LIMIT", 1]]
  ↳ app/controllers/application_controller.rb:14
Completed 200 OK in 12ms (Views: 9.9ms | ActiveRecord: 0.4ms)


